<?xml version="1.0" encoding="UTF-8"?>
<!-- Generated by org.testng.reporters.JUnitReportReporter -->
<testsuite hostname="DESKTOP-MT1SLGJ" failures="0" tests="1" name="CreateOrderTest" time="17.315" errors="0" timestamp="2023-12-28T17:12:27 EET" skipped="0">
  <testcase classname="CreateOrderTest" name="testCreateOrder" time="17.315"/>
</testsuite> <!-- CreateOrderTest -->
